#
# There is insufficient memory for the Java Runtime Environment to continue.
# Native memory allocation (malloc) failed to allocate 1048576 bytes for AllocateHeap
# Possible reasons:
#   The system is out of physical RAM or swap space
#   The process is running with CompressedOops enabled, and the Java Heap may be blocking the growth of the native heap
# Possible solutions:
#   Reduce memory load on the system
#   Increase physical memory or swap space
#   Check if swap backing store is full
#   Decrease Java heap size (-Xmx/-Xms)
#   Decrease number of Java threads
#   Decrease Java thread stack sizes (-Xss)
#   Set larger code cache with -XX:ReservedCodeCacheSize=
#   JVM is running with Unscaled Compressed Oops mode in which the Java heap is
#     placed in the first 4GB address space. The Java Heap base address is the
#     maximum limit for the native heap growth. Please use -XX:HeapBaseMinAddress
#     to set the Java Heap base and to place the Java Heap above 4GB virtual address.
# This output file may be truncated or incomplete.
#
#  Out of Memory Error (./src/hotspot/share/memory/allocation.cpp:46), pid=9232, tid=10384
#
# JRE version:  (11.0.16.1+1) (build )
# Java VM: OpenJDK 64-Bit Server VM (11.0.16.1+1-LTS, mixed mode, sharing, tiered, compressed oops, g1 gc, windows-amd64)
# No core dump will be written. Minidumps are not enabled by default on client versions of Windows
#

---------------  S U M M A R Y ------------

Command Line: 

Host: Intel(R) Core(TM) i7-7500U CPU @ 2.70GHz, 4 cores, 11G,  Windows 10 , 64 bit Build 19041 (10.0.19041.2546)
Time: Tue Mar 21 09:14:44 2023 Hora est. Pacífico, Sudamérica elapsed time: 0.017021 seconds (0d 0h 0m 0s)

---------------  T H R E A D  ---------------

Current thread (0x0000020712e52800):  JavaThread "Unknown thread" [_thread_in_vm, id=10384, stack(0x000000c008d00000,0x000000c008e00000)]

Stack: [0x000000c008d00000,0x000000c008e00000]
Native frames: (J=compiled Java code, j=interpreted, Vv=VM code, C=native code)
V  [jvm.dll+0x62652a]
V  [jvm.dll+0x7b3249]
V  [jvm.dll+0x7b4938]
V  [jvm.dll+0x7b5013]
V  [jvm.dll+0x24fca8]
V  [jvm.dll+0xb95f4]
V  [jvm.dll+0x2e0998]
V  [jvm.dll+0x78d087]
V  [jvm.dll+0x78e81f]
V  [jvm.dll+0x35f8e9]
V  [jvm.dll+0x770000]
V  [jvm.dll+0x3cd40f]
V  [jvm.dll+0x3cf7a1]
C  [jli.dll+0x5207]
C  [ucrtbase.dll+0x21bb2]
C  [KERNEL32.DLL+0x17614]
C  [ntdll.dll+0x526a1]


---------------  P R O C E S S  ---------------

Threads class SMR info:
_java_thread_list=0x0000020710d90920, length=0, elements={
}

Java Threads: ( => current thread )

Other Threads:

=>0x0000020712e52800 (exited) JavaThread "Unknown thread" [_thread_in_vm, id=10384, stack(0x000000c008d00000,0x000000c008e00000)]

Threads with active compile tasks:

VM state:not at safepoint (not fully initialized)

VM Mutex/Monitor currently owned by a thread: None


[error occurred during error reporting (printing compressed oops mode), id 0xc0000005, EXCEPTION_ACCESS_VIOLATION (0xc0000005) at pc=0x00007ffd97c9de67]

GC Heap History (0 events):
No events

Deoptimization events (0 events):
No events

Classes redefined (0 events):
No events

Internal exceptions (0 events):
No events

Events (1 events):
Event: 0.013 Loaded shared library C:\Program Files\Microsoft\jdk-11.0.16.101-hotspot\bin\zip.dll


Dynamic libraries:
0x00007ff7d9fc0000 - 0x00007ff7d9fcd000 	C:\Program Files\Microsoft\jdk-11.0.16.101-hotspot\bin\java.exe
0x00007ffe892d0000 - 0x00007ffe894c8000 	C:\WINDOWS\SYSTEM32\ntdll.dll
0x00007ffe3ac10000 - 0x00007ffe3ac29000 	C:\Program Files\Avast Software\Avast\aswhook.dll
0x00007ffe89020000 - 0x00007ffe890df000 	C:\WINDOWS\System32\KERNEL32.DLL
0x00007ffe86ae0000 - 0x00007ffe86db2000 	C:\WINDOWS\System32\KERNELBASE.dll
0x00007ffe86f50000 - 0x00007ffe87050000 	C:\WINDOWS\System32\ucrtbase.dll
0x00007ffdb9aa0000 - 0x00007ffdb9ab5000 	C:\Program Files\Microsoft\jdk-11.0.16.101-hotspot\bin\VCRUNTIME140.dll
0x00007ffdab240000 - 0x00007ffdab257000 	C:\Program Files\Microsoft\jdk-11.0.16.101-hotspot\bin\jli.dll
0x00007ffe87a40000 - 0x00007ffe87be1000 	C:\WINDOWS\System32\USER32.dll
0x00007ffe872e0000 - 0x00007ffe87302000 	C:\WINDOWS\System32\win32u.dll
0x00007ffe70060000 - 0x00007ffe702fa000 	C:\WINDOWS\WinSxS\amd64_microsoft.windows.common-controls_6595b64144ccf1df_6.0.19041.1110_none_60b5254171f9507e\COMCTL32.dll
0x00007ffe87310000 - 0x00007ffe8733b000 	C:\WINDOWS\System32\GDI32.dll
0x00007ffe870e0000 - 0x00007ffe871ef000 	C:\WINDOWS\System32\gdi32full.dll
0x00007ffe874d0000 - 0x00007ffe8756e000 	C:\WINDOWS\System32\msvcrt.dll
0x00007ffe87240000 - 0x00007ffe872dd000 	C:\WINDOWS\System32\msvcp_win.dll
0x00007ffe88570000 - 0x00007ffe885a2000 	C:\WINDOWS\System32\IMM32.DLL
0x00007ffd991f0000 - 0x00007ffd9928b000 	C:\Program Files\Microsoft\jdk-11.0.16.101-hotspot\bin\msvcp140.dll
0x00007ffd97510000 - 0x00007ffd9809a000 	C:\Program Files\Microsoft\jdk-11.0.16.101-hotspot\bin\server\jvm.dll
0x00007ffe88450000 - 0x00007ffe884fe000 	C:\WINDOWS\System32\ADVAPI32.dll
0x00007ffe88f80000 - 0x00007ffe8901c000 	C:\WINDOWS\System32\sechost.dll
0x00007ffe890e0000 - 0x00007ffe89205000 	C:\WINDOWS\System32\RPCRT4.dll
0x00007ffe87bf0000 - 0x00007ffe87bf8000 	C:\WINDOWS\System32\PSAPI.DLL
0x00007ffe6ec00000 - 0x00007ffe6ec09000 	C:\WINDOWS\SYSTEM32\WSOCK32.dll
0x00007ffe87ca0000 - 0x00007ffe87d0b000 	C:\WINDOWS\System32\WS2_32.dll
0x00007ffe704b0000 - 0x00007ffe704d7000 	C:\WINDOWS\SYSTEM32\WINMM.dll
0x00007ffe7eb00000 - 0x00007ffe7eb0a000 	C:\WINDOWS\SYSTEM32\VERSION.dll
0x00007ffe85260000 - 0x00007ffe85272000 	C:\WINDOWS\SYSTEM32\kernel.appcore.dll
0x00007ffe258f0000 - 0x00007ffe25900000 	C:\Program Files\Microsoft\jdk-11.0.16.101-hotspot\bin\verify.dll
0x00007ffe84770000 - 0x00007ffe84954000 	C:\WINDOWS\SYSTEM32\DBGHELP.DLL
0x00007ffe7d000000 - 0x00007ffe7d035000 	C:\WINDOWS\SYSTEM32\dbgcore.DLL
0x00007ffe87050000 - 0x00007ffe870d2000 	C:\WINDOWS\System32\bcryptPrimitives.dll
0x00007ffdaa470000 - 0x00007ffdaa498000 	C:\Program Files\Microsoft\jdk-11.0.16.101-hotspot\bin\java.dll
0x00007ffe237c0000 - 0x00007ffe237ca000 	C:\Program Files\Microsoft\jdk-11.0.16.101-hotspot\bin\jimage.dll
0x00007ffdaa450000 - 0x00007ffdaa468000 	C:\Program Files\Microsoft\jdk-11.0.16.101-hotspot\bin\zip.dll

dbghelp: loaded successfully - version: 4.0.5 - missing functions: none
symbol engine: initialized successfully - sym options: 0x614 - pdb path: .;C:\Program Files\Microsoft\jdk-11.0.16.101-hotspot\bin;C:\WINDOWS\SYSTEM32;C:\Program Files\Avast Software\Avast;C:\WINDOWS\WinSxS\amd64_microsoft.windows.common-controls_6595b64144ccf1df_6.0.19041.1110_none_60b5254171f9507e;C:\Program Files\Microsoft\jdk-11.0.16.101-hotspot\bin\server

VM Arguments:
java_command: <unknown>
java_class_path (initial): <not set>
Launcher Type: SUN_STANDARD

[Global flags]
     intx CICompilerCount                          = 3                                         {product} {ergonomic}
     uint G1ConcRefinementThreads                  = 4                                         {product} {ergonomic}
   size_t G1HeapRegionSize                         = 1048576                                   {product} {ergonomic}
    uintx GCDrainStackTargetSize                   = 64                                        {product} {ergonomic}
   size_t InitialHeapSize                          = 201326592                                 {product} {ergonomic}
   size_t MaxHeapSize                              = 3191865344                                {product} {ergonomic}
   size_t MinHeapDeltaBytes                        = 1048576                                   {product} {ergonomic}
    uintx NonNMethodCodeHeapSize                   = 5830732                                {pd product} {ergonomic}
    uintx NonProfiledCodeHeapSize                  = 122913754                              {pd product} {ergonomic}
    uintx ProfiledCodeHeapSize                     = 122913754                              {pd product} {ergonomic}
    uintx ReservedCodeCacheSize                    = 251658240                              {pd product} {ergonomic}
     bool SegmentedCodeCache                       = true                                      {product} {ergonomic}
     bool UseCompressedClassPointers               = true                                 {lp64_product} {ergonomic}
     bool UseCompressedOops                        = true                                 {lp64_product} {ergonomic}
     bool UseG1GC                                  = true                                      {product} {ergonomic}
     bool UseLargePagesIndividualAllocation        = false                                  {pd product} {ergonomic}

Logging:
Log output configuration:
 #0: stdout all=warning uptime,level,tags
 #1: stderr all=off uptime,level,tags

Environment Variables:
PATH=C:\Program Files\Microsoft\jdk-11.0.16.101-hotspot\bin;C:\app\USER\product\21c\dbhomeXE\bin;C:\ProgramData\Oracle\Java\javapath;C:\Program Files\Common Files\Oracle\Java\javapath;C:\Program Files (x86)\Common Files\Oracle\Java\javapath;C:\WINDOWS\system32;C:\WINDOWS;C:\WINDOWS\System32\Wbem;C:\WINDOWS\System32\WindowsPowerShell\v1.0\;C:\WINDOWS\System32\OpenSSH\;C:\Program Files\Microsoft SQL Server\Client SDK\ODBC\170\Tools\Binn\;C:\xampp\php;C:\xampp\mysql\bin;C:\Users\USER\AppData\Local\Microsoft\WindowsApps;C:\Users\USER\AppData\Local\Programs\Microsoft VS Code\bin;C:\adb;C:\Program Files\Microsoft SQL Server\Client SDK\ODBC\130\Tools\Binn\;C:\Program Files (x86)\Microsoft SQL Server\140\Tools\Binn\;C:\Program Files\Microsoft SQL Server\140\Tools\Binn\;C:\Program Files\Microsoft SQL Server\140\DTS\Binn\;C:\Program Files\Microsoft SQL Server\130\Tools\Binn\;C:\Program Files (x86)\Microsoft SQL Server\150\Tools\Binn\;C:\Program Files\Microsoft SQL Server\150\Tools\Binn\;C:\Program Files\Microsoft SQL Server\150\DTS\Binn\;C:\Program Files (x86)\Microsoft SQL Server\150\DTS\Binn\;C:\composer;C:\Program Files (x86)\Rational\common;C:\Program Files\dotnet\;C:\Program Files\Git\cmd;C:\Users\USER\AppData\Local\Microsoft\WindowsApps;C:\Program Files\Azure Data Studio\bin;C:\Users\USER\AppData\Local\Programs\Microsoft VS Code\bin;C:\Users\USER\AppData\Roaming\Composer\vendor\bin;C:\Users\USER\.dotnet\tools;C:\Users\USER\AppData\Local\GitHubDesktop\bin
USERNAME=USER
OS=Windows_NT
PROCESSOR_IDENTIFIER=Intel64 Family 6 Model 142 Stepping 9, GenuineIntel
TMP=C:\Users\USER\AppData\Local\Temp
TEMP=C:\Users\USER\AppData\Local\Temp



---------------  S Y S T E M  ---------------

OS: Windows 10 , 64 bit Build 19041 (10.0.19041.2546)
OS uptime: 0 days 1:48 hours

CPU:total 4 (initial active 4) (2 cores per cpu, 2 threads per core) family 6 model 142 stepping 9 microcode 0xb4, cmov, cx8, fxsr, mmx, sse, sse2, sse3, ssse3, sse4.1, sse4.2, popcnt, avx, avx2, aes, clmul, erms, 3dnowpref, lzcnt, ht, tsc, tscinvbit, bmi1, bmi2, adx, fma

Memory: 4k page, system-wide physical 12173M (4403M free)
TotalPageFile size 14221M (AvailPageFile size 15M)
current process WorkingSet (physical memory assigned to process): 9M, peak: 9M
current process commit charge ("private bytes"): 12M, peak: 13M

vm_info: OpenJDK 64-Bit Server VM (11.0.16.1+1-LTS) for windows-amd64 JRE (11.0.16.1+1-LTS), built on Aug 20 2022 20:09:04 by "" with MS VC++ 15.9 (VS2017)

END.
